Flutter crash report.
Please report a bug at https://github.com/flutter/flutter/issues.

## command

flutter run

## exception

RPCError: _flutter.listViews: (-32000) Bad state: The client closed with pending request "_flutter.listViews".

```
```

## flutter doctor

```
[✓] Flutter (Channel master, 1.24.0-8.0.pre.234, on Mac OS X 10.15.7 19H2 darwin-x64, locale en-TR)
    • Flutter version 1.24.0-8.0.pre.234 at /Users/mobil/flutter
    • Framework revision 004d3f0f75 (3 days ago), 2020-11-13 10:38:03 -0800
    • Engine revision dddb532b5c
    • Dart version 2.12.0 (build 2.12.0-37.0.dev)

[✓] Android toolchain - develop for Android devices (Android SDK version 30.0.2)
    • Android SDK at /Users/mobil/Library/Android/sdk
    • Platform android-30, build-tools 30.0.2
    • Java binary at: /Applications/Android Studio.app/Contents/jre/jdk/Contents/Home/bin/java
    • Java version OpenJDK Runtime Environment (build 1.8.0_242-release-1644-b3-6222593)
    • All Android licenses accepted.

[✓] Xcode - develop for iOS and macOS (Xcode 12.1)
    • Xcode at /Applications/Xcode.app/Contents/Developer
    • Xcode 12.1, Build version 12A7403
    • CocoaPods version 1.10.0

[✓] Android Studio (version 4.1)
    • Android Studio at /Applications/Android Studio.app/Contents
    • Flutter plugin can be installed from:
      🔨 https://plugins.jetbrains.com/plugin/9212-flutter
    • Dart plugin can be installed from:
      🔨 https://plugins.jetbrains.com/plugin/6351-dart
    • Java version OpenJDK Runtime Environment (build 1.8.0_242-release-1644-b3-6222593)

[✓] VS Code (version 1.51.1)
    • VS Code at /Applications/Visual Studio Code.app/Contents
    • Flutter extension version 3.16.0

[✓] Connected device (2 available)
    • Android SDK built for x86 (mobile) • emulator-5554                        • android-x86 • Android 10 (API 29) (emulator)
    • iPhone 11 (mobile)                 • 430398D8-F270-41BE-ABB4-5BC52060C3C0 • ios         • com.apple.CoreSimulator.SimRuntime.iOS-14-1
      (simulator)

• No issues found!
```
